2016-09-10 13:40
  Nova metodologia de treball. Sense presoners. Ara ja controlem Git. Els malaïts "untracked" m'amargaven l'existència. I és que costa averiguar-ho tot. No l'utilitzava bé.
  A banda dels nous poders que Git ens brindarà vaig a incloure un fitxer independent de Git (aquest) en el qual explicaré de forma prosàica cada pas del procés evolutiu.

  De moment tenim el projecte encara a estrenar. Farem un commit explicatiu per cada canvi seguit per un altre amb els canvis als arxius reals. D'aquesta manera dilatarem els punts de control.

2016-09-12 12:28
  Anem a deixar-ho tot netet. Borrem l'aplicació inicial de Meteor i ho deixem tot a zero.

2016-09-12 15:08
  Ara toca preparar tots els paquets per treballar amb React, FlowRouter, MeteorToys... Faré un llistat. Els tindrem separats segons el tipus de paquet. N'hi han d'específics per Meteor (atmospherejs)
  i n'hi han de genèrics per a Node (npm).

  Paquets a instal·lar (pessigats de la versió anterior de reborn, que havia arribat a funcionar mig bé. No faces massa cas de les versions...)
  ====================

  METEOR:
    react-meteor-data
    accounts-password@1.3.0
    okgrow:accounts-ui-react
    kadira:flow-router
    fourseven:scss@=3.8.0_1
    practicalmeteor:mocha
    meteortoys:allthings

  NPM:
    "bcrypt": "^0.8.7",
    "classnames": "^2.2.5",
    "kadira": "0.0.0",
    "meteor-node-stubs": "~0.2.0",
    "react": "^15.3.1",
    "react-addons-pure-render-mixin": "^15.3.1",
    "react-dom": "^15.3.1",
    "react-komposer": "^1.13.1",
    "react-mounter": "^1.2.0"

2016-09-17 23:25
  Una vegada ja preparat l'entorn, podem començar a definir els nostres components. Tractarem de seguir els episodis de Meteor + React For Everyone de LevelUpTuts.

2016-09-19 19:11
  Sempre passa algo. He canviat el sistema operatiu. Ara estic a un Mint18. Volia provar-lo. Vaig salvar una còpia del progrés, però el procés va tardar molt més del compte. Haig de refer bon tros del fet ahir.
  
